<?xml version="1.0" encoding="UTF-8"?>
<testng-results ignored="0" total="4" passed="4" failed="0" skipped="0">
  <reporter-output>
  </reporter-output>
  <suite started-at="2023-05-03T20:01:25 PKT" name="Default suite" finished-at="2023-05-03T20:01:33 PKT" duration-ms="7863">
    <groups>
    </groups>
    <test started-at="2023-05-03T20:01:25 PKT" name="Default test" finished-at="2023-05-03T20:01:33 PKT" duration-ms="7863">
      <class name="api.test.UserTests">
        <test-method is-config="true" signature="setupData()[pri:0, instance:api.test.UserTests@478190fc]" started-at="2023-05-03T20:01:25 PKT" name="setupData" finished-at="2023-05-03T20:01:26 PKT" duration-ms="272" status="PASS">
          <reporter-output>
          </reporter-output>
        </test-method> <!-- setupData -->
        <test-method signature="testPostUser()[pri:1, instance:api.test.UserTests@478190fc]" started-at="2023-05-03T20:01:26 PKT" name="testPostUser" finished-at="2023-05-03T20:01:29 PKT" duration-ms="3192" status="PASS">
          <reporter-output>
          </reporter-output>
        </test-method> <!-- testPostUser -->
        <test-method signature="testGetUserByName()[pri:2, instance:api.test.UserTests@478190fc]" started-at="2023-05-03T20:01:29 PKT" name="testGetUserByName" finished-at="2023-05-03T20:01:30 PKT" duration-ms="1122" status="PASS">
          <reporter-output>
          </reporter-output>
        </test-method> <!-- testGetUserByName -->
        <test-method signature="testUpdateUserByName()[pri:3, instance:api.test.UserTests@478190fc]" started-at="2023-05-03T20:01:30 PKT" name="testUpdateUserByName" finished-at="2023-05-03T20:01:32 PKT" duration-ms="2139" status="PASS">
          <reporter-output>
          </reporter-output>
        </test-method> <!-- testUpdateUserByName -->
        <test-method signature="testDeleteUserByName()[pri:4, instance:api.test.UserTests@478190fc]" started-at="2023-05-03T20:01:32 PKT" name="testDeleteUserByName" finished-at="2023-05-03T20:01:33 PKT" duration-ms="1076" status="PASS">
          <reporter-output>
          </reporter-output>
        </test-method> <!-- testDeleteUserByName -->
      </class> <!-- api.test.UserTests -->
    </test> <!-- Default test -->
  </suite> <!-- Default suite -->
</testng-results>
