<?xml version="1.0" encoding="UTF-8"?>
<!-- Generated by org.testng.reporters.JUnitXMLReporter -->
<testsuite ignored="0" hostname="DESKTOP-SLALI14" failures="0" tests="4" name="Default test" time="7.863" errors="0" timestamp="2023-05-03T20:01:33 PKT">
  <testcase classname="api.test.UserTests" name="testPostUser" time="3.192"/>
  <testcase classname="api.test.UserTests" name="testGetUserByName" time="1.122"/>
  <testcase classname="api.test.UserTests" name="testUpdateUserByName" time="2.139"/>
  <testcase classname="api.test.UserTests" name="testDeleteUserByName" time="1.076"/>
</testsuite> <!-- Default test -->
